<?xml version="1.0" encoding="UTF-8"?>
<testsuite name="GpsServiceTests" tests="2" skipped="0" failures="0" errors="0" timestamp="2021-08-09T10:24:48" hostname="DESKTOP-NQCJ011" time="13.751">
  <properties/>
  <testcase name="getUserLocation()" classname="GpsServiceTests" time="0.417"/>
  <testcase name="getNearbyAttractions()" classname="GpsServiceTests" time="13.333"/>
  <system-out><![CDATA[12:24:42.531 [Test worker] DEBUG org.springframework.test.context.BootstrapUtils - Instantiating CacheAwareContextLoaderDelegate from class [org.springframework.test.context.cache.DefaultCacheAwareContextLoaderDelegate]
12:24:42.565 [Test worker] DEBUG org.springframework.test.context.BootstrapUtils - Instantiating BootstrapContext using constructor [public org.springframework.test.context.support.DefaultBootstrapContext(java.lang.Class,org.springframework.test.context.CacheAwareContextLoaderDelegate)]
12:24:42.643 [Test worker] DEBUG org.springframework.test.context.BootstrapUtils - Instantiating TestContextBootstrapper for test class [GpsServiceTests] from class [org.springframework.boot.test.context.SpringBootTestContextBootstrapper]
12:24:42.671 [Test worker] INFO org.springframework.boot.test.context.SpringBootTestContextBootstrapper - Neither @ContextConfiguration nor @ContextHierarchy found for test class [GpsServiceTests], using SpringBootContextLoader
12:24:42.677 [Test worker] DEBUG org.springframework.test.context.support.AbstractContextLoader - Did not detect default resource location for test class [GpsServiceTests]: class path resource [GpsServiceTests-context.xml] does not exist
12:24:42.677 [Test worker] DEBUG org.springframework.test.context.support.AbstractContextLoader - Did not detect default resource location for test class [GpsServiceTests]: class path resource [GpsServiceTestsContext.groovy] does not exist
12:24:42.677 [Test worker] INFO org.springframework.test.context.support.AbstractContextLoader - Could not detect default resource locations for test class [GpsServiceTests]: no resource found for suffixes {-context.xml, Context.groovy}.
12:24:42.764 [Test worker] DEBUG org.springframework.test.context.support.ActiveProfilesUtils - Could not find an 'annotation declaring class' for annotation type [org.springframework.test.context.ActiveProfiles] and class [GpsServiceTests]
12:24:43.012 [Test worker] DEBUG org.springframework.boot.test.context.SpringBootTestContextBootstrapper - @TestExecutionListeners is not present for class [GpsServiceTests]: using defaults.
12:24:43.013 [Test worker] INFO org.springframework.boot.test.context.SpringBootTestContextBootstrapper - Loaded default TestExecutionListener class names from location [META-INF/spring.factories]: [org.springframework.boot.test.autoconfigure.restdocs.RestDocsTestExecutionListener, org.springframework.boot.test.autoconfigure.web.client.MockRestServiceServerResetTestExecutionListener, org.springframework.boot.test.autoconfigure.web.servlet.MockMvcPrintOnlyOnFailureTestExecutionListener, org.springframework.boot.test.autoconfigure.web.servlet.WebDriverTestExecutionListener, org.springframework.boot.test.autoconfigure.webservices.client.MockWebServiceServerTestExecutionListener, org.springframework.boot.test.mock.mockito.MockitoTestExecutionListener, org.springframework.boot.test.mock.mockito.ResetMocksTestExecutionListener, org.springframework.test.context.web.ServletTestExecutionListener, org.springframework.test.context.support.DirtiesContextBeforeModesTestExecutionListener, org.springframework.test.context.event.ApplicationEventsTestExecutionListener, org.springframework.test.context.support.DependencyInjectionTestExecutionListener, org.springframework.test.context.support.DirtiesContextTestExecutionListener, org.springframework.test.context.transaction.TransactionalTestExecutionListener, org.springframework.test.context.jdbc.SqlScriptsTestExecutionListener, org.springframework.test.context.event.EventPublishingTestExecutionListener]
12:24:43.033 [Test worker] DEBUG org.springframework.boot.test.context.SpringBootTestContextBootstrapper - Skipping candidate TestExecutionListener [org.springframework.test.context.transaction.TransactionalTestExecutionListener] due to a missing dependency. Specify custom listener classes or make the default listener classes and their required dependencies available. Offending class: [org/springframework/transaction/interceptor/TransactionAttributeSource]
12:24:43.034 [Test worker] DEBUG org.springframework.boot.test.context.SpringBootTestContextBootstrapper - Skipping candidate TestExecutionListener [org.springframework.test.context.jdbc.SqlScriptsTestExecutionListener] due to a missing dependency. Specify custom listener classes or make the default listener classes and their required dependencies available. Offending class: [org/springframework/transaction/interceptor/TransactionAttribute]
12:24:43.035 [Test worker] INFO org.springframework.boot.test.context.SpringBootTestContextBootstrapper - Using TestExecutionListeners: [org.springframework.test.context.web.ServletTestExecutionListener@135b837f, org.springframework.test.context.support.DirtiesContextBeforeModesTestExecutionListener@6b64db56, org.springframework.test.context.event.ApplicationEventsTestExecutionListener@25305851, org.springframework.boot.test.mock.mockito.MockitoTestExecutionListener@7d16822e, org.springframework.boot.test.autoconfigure.SpringBootDependencyInjectionTestExecutionListener@3299a688, org.springframework.test.context.support.DirtiesContextTestExecutionListener@7fea75e6, org.springframework.test.context.event.EventPublishingTestExecutionListener@58bf489a, org.springframework.boot.test.autoconfigure.restdocs.RestDocsTestExecutionListener@11f1b651, org.springframework.boot.test.autoconfigure.web.client.MockRestServiceServerResetTestExecutionListener@6ea3ff01, org.springframework.boot.test.autoconfigure.web.servlet.MockMvcPrintOnlyOnFailureTestExecutionListener@424ae276, org.springframework.boot.test.autoconfigure.web.servlet.WebDriverTestExecutionListener@6013893d, org.springframework.boot.test.autoconfigure.webservices.client.MockWebServiceServerTestExecutionListener@7ccce850, org.springframework.boot.test.mock.mockito.ResetMocksTestExecutionListener@d664b3f]
12:24:43.042 [Test worker] DEBUG org.springframework.test.context.support.AbstractDirtiesContextTestExecutionListener - Before test class: context [DefaultTestContext@25a00fa3 testClass = GpsServiceTests, testInstance = [null], testMethod = [null], testException = [null], mergedContextConfiguration = [WebMergedContextConfiguration@6bda9371 testClass = GpsServiceTests, locations = '{}', classes = '{class com.tourguidegps.GpsApplication}', contextInitializerClasses = '[]', activeProfiles = '{}', propertySourceLocations = '{}', propertySourceProperties = '{org.springframework.boot.test.context.SpringBootTestContextBootstrapper=true}', contextCustomizers = set[org.springframework.boot.test.autoconfigure.actuate.metrics.MetricsExportContextCustomizerFactory$DisableMetricExportContextCustomizer@1bb62f36, org.springframework.boot.test.autoconfigure.properties.PropertyMappingContextCustomizer@0, org.springframework.boot.test.autoconfigure.web.servlet.WebDriverContextCustomizerFactory$Customizer@327fa5d9, org.springframework.boot.test.context.filter.ExcludeFilterContextCustomizer@381cf797, org.springframework.boot.test.json.DuplicateJsonObjectContextCustomizerFactory$DuplicateJsonObjectContextCustomizer@4bcc5756, org.springframework.boot.test.mock.mockito.MockitoContextCustomizer@0, org.springframework.boot.test.web.client.TestRestTemplateContextCustomizer@4ecd4f1c, org.springframework.boot.test.context.SpringBootTestArgs@1, org.springframework.boot.test.context.SpringBootTestWebEnvironment@4ddff611], resourceBasePath = 'src/main/webapp', contextLoader = 'org.springframework.boot.test.context.SpringBootContextLoader', parent = [null]], attributes = map['org.springframework.test.context.web.ServletTestExecutionListener.activateListener' -> true]], class annotated with @DirtiesContext [false] with mode [null].
12:24:43.110 [Test worker] DEBUG org.springframework.test.context.support.TestPropertySourceUtils - Adding inlined properties to environment: {spring.jmx.enabled=false, org.springframework.boot.test.context.SpringBootTestContextBootstrapper=true}

  .   ____          _            __ _ _
 /\\ / ___'_ __ _ _(_)_ __  __ _ \ \ \ \
( ( )\___ | '_ | '_| | '_ \/ _` | \ \ \ \
 \\/  ___)| |_)| | | | | || (_| |  ) ) ) )
  '  |____| .__|_| |_|_| |_\__, | / / / /
 =========|_|==============|___/=/_/_/_/
 :: Spring Boot ::                (v2.4.5)

2021-08-09 12:24:43.822  INFO 69284 --- [    Test worker] GpsServiceTests                          : Starting GpsServiceTests using Java 1.8.0_265 on DESKTOP-NQCJ011 with PID 69284 (started by adrie in C:\Users\adrie\Desktop\OC-Projet\Projet8\TourGuide-GPS)
2021-08-09 12:24:43.825  INFO 69284 --- [    Test worker] GpsServiceTests                          : No active profile set, falling back to default profiles: default
2021-08-09 12:24:45.349  INFO 69284 --- [    Test worker] o.s.cloud.context.scope.GenericScope     : BeanFactory id=e2847710-4d8c-3fb1-8654-0161811d32d2
2021-08-09 12:24:47.261  INFO 69284 --- [    Test worker] o.s.s.concurrent.ThreadPoolTaskExecutor  : Initializing ExecutorService 'applicationTaskExecutor'
2021-08-09 12:24:48.285  INFO 69284 --- [    Test worker] GpsServiceTests                          : Started GpsServiceTests in 5.164 seconds (JVM running for 7.206)
2021-08-09 12:24:48.618  INFO 69284 --- [    Test worker] o.j.m.DefaultMonetaryContextFactory      : Using custom MathContext: precision=256, roundingMode=HALF_EVEN
]]></system-out>
  <system-err><![CDATA[]]></system-err>
</testsuite>
